TN:
SF:src\main.ts
FNF:0
FNH:0
DA:1,1
DA:2,1
DA:3,1
DA:4,1
DA:5,1
DA:6,1
DA:7,1
LF:7
LH:7
BRF:0
BRH:0
end_of_record
TN:
SF:src\compile\compile.ts
FN:6,<instance_members_initializer>
FN:12,Compile
FN:25,mount
FN:36,nodeToFragment
FN:47,compileFrag
FN:61,compileNode
FN:71,compileText
FN:84,compileElement
FN:103,compileDirective
FNF:9
FNH:0
FNDA:0,<instance_members_initializer>
FNDA:0,Compile
FNDA:0,mount
FNDA:0,nodeToFragment
FNDA:0,compileFrag
FNDA:0,compileNode
FNDA:0,compileText
FNDA:0,compileElement
FNDA:0,compileDirective
DA:1,1
DA:2,1
DA:3,1
DA:4,1
DA:5,1
DA:6,1
DA:7,0
DA:8,0
DA:9,0
DA:10,0
DA:11,1
DA:12,1
DA:13,0
DA:14,0
DA:15,0
DA:16,0
DA:17,0
DA:18,0
DA:19,0
DA:20,0
DA:21,0
DA:22,0
DA:23,1
DA:24,1
DA:25,1
DA:26,0
DA:27,0
DA:28,0
DA:29,0
DA:30,0
DA:31,0
DA:32,0
DA:33,0
DA:34,1
DA:35,1
DA:36,1
DA:37,0
DA:38,0
DA:39,0
DA:40,0
DA:41,0
DA:42,0
DA:43,0
DA:44,0
DA:45,1
DA:46,1
DA:47,1
DA:48,0
DA:49,0
DA:50,0
DA:51,0
DA:52,0
DA:53,0
DA:54,0
DA:55,0
DA:56,0
DA:57,0
DA:58,0
DA:59,1
DA:60,1
DA:61,1
DA:62,0
DA:63,0
DA:64,0
DA:65,0
DA:66,0
DA:67,0
DA:68,0
DA:69,1
DA:70,1
DA:71,1
DA:72,0
DA:73,0
DA:74,0
DA:75,0
DA:76,0
DA:77,0
DA:78,0
DA:79,0
DA:80,0
DA:81,0
DA:82,1
DA:83,1
DA:84,1
DA:85,0
DA:86,0
DA:87,0
DA:88,0
DA:89,0
DA:90,0
DA:91,0
DA:92,0
DA:93,0
DA:94,0
DA:95,0
DA:96,0
DA:97,0
DA:98,0
DA:99,0
DA:100,0
DA:101,1
DA:102,1
DA:103,1
DA:104,0
DA:105,0
DA:106,0
DA:107,0
DA:108,0
DA:109,0
DA:110,0
DA:111,0
DA:112,0
DA:113,0
DA:114,1
LF:114
LH:30
BRDA:6,0,0,0
BRF:1
BRH:0
end_of_record
TN:
SF:src\compile\directives.ts
FN:9,registerDirective
FN:13,triggerDirective
FN:48,on
FN:98,model
FN:140,text
FN:164,if
FN:192,for
FN:214,bind
FNF:8
FNH:0
FNDA:0,registerDirective
FNDA:0,triggerDirective
FNDA:0,on
FNDA:0,model
FNDA:0,text
FNDA:0,if
FNDA:0,for
FNDA:0,bind
DA:1,1
DA:2,1
DA:3,1
DA:4,1
DA:5,1
DA:6,1
DA:7,1
DA:8,1
DA:9,0
DA:10,0
DA:11,0
DA:12,1
DA:13,0
DA:14,0
DA:15,0
DA:16,0
DA:17,0
DA:18,0
DA:19,0
DA:20,0
DA:21,0
DA:22,0
DA:23,0
DA:24,0
DA:25,0
DA:26,0
DA:27,0
DA:28,0
DA:29,0
DA:30,0
DA:31,0
DA:32,0
DA:33,0
DA:34,0
DA:35,0
DA:36,0
DA:37,0
DA:38,0
DA:39,0
DA:40,0
DA:41,0
DA:42,0
DA:43,0
DA:44,0
DA:45,0
DA:46,1
DA:47,1
DA:48,1
DA:49,0
DA:50,0
DA:51,0
DA:52,0
DA:53,0
DA:54,0
DA:55,0
DA:56,0
DA:57,0
DA:58,0
DA:59,0
DA:60,0
DA:61,0
DA:62,0
DA:63,0
DA:64,0
DA:65,0
DA:66,0
DA:67,0
DA:68,0
DA:69,0
DA:70,0
DA:71,0
DA:72,0
DA:73,0
DA:74,0
DA:75,0
DA:76,0
DA:77,0
DA:78,0
DA:79,0
DA:80,0
DA:81,0
DA:82,0
DA:83,0
DA:84,0
DA:85,0
DA:86,0
DA:87,0
DA:88,0
DA:89,0
DA:90,0
DA:91,0
DA:92,0
DA:93,0
DA:94,0
DA:95,0
DA:96,1
DA:97,1
DA:98,1
DA:99,0
DA:100,0
DA:101,0
DA:102,0
DA:103,0
DA:104,0
DA:105,0
DA:106,0
DA:107,0
DA:108,0
DA:109,0
DA:110,0
DA:111,0
DA:112,0
DA:113,0
DA:114,0
DA:115,0
DA:116,0
DA:117,0
DA:118,0
DA:119,0
DA:120,0
DA:121,0
DA:122,0
DA:123,0
DA:124,0
DA:125,0
DA:126,0
DA:127,0
DA:128,0
DA:129,0
DA:130,0
DA:131,0
DA:132,0
DA:133,0
DA:134,0
DA:135,0
DA:136,0
DA:137,1
DA:138,1
DA:139,1
DA:140,1
DA:141,0
DA:142,0
DA:143,0
DA:144,0
DA:145,0
DA:146,0
DA:147,0
DA:148,0
DA:149,0
DA:150,0
DA:151,0
DA:152,0
DA:153,0
DA:154,0
DA:155,0
DA:156,0
DA:157,0
DA:158,0
DA:159,0
DA:160,0
DA:161,0
DA:162,1
DA:163,1
DA:164,1
DA:165,0
DA:166,0
DA:167,0
DA:168,0
DA:169,0
DA:170,0
DA:171,0
DA:172,0
DA:173,0
DA:174,0
DA:175,0
DA:176,0
DA:177,0
DA:178,0
DA:179,0
DA:180,0
DA:181,0
DA:182,0
DA:183,0
DA:184,0
DA:185,0
DA:186,0
DA:187,0
DA:188,0
DA:189,0
DA:190,1
DA:191,1
DA:192,1
DA:193,0
DA:194,0
DA:195,0
DA:196,0
DA:197,0
DA:198,0
DA:199,0
DA:200,0
DA:201,0
DA:202,0
DA:203,0
DA:204,0
DA:205,0
DA:206,0
DA:207,0
DA:208,0
DA:209,0
DA:210,0
DA:211,0
DA:212,1
DA:213,1
DA:214,1
DA:215,0
DA:216,0
DA:217,0
DA:218,0
DA:219,0
DA:220,0
DA:221,0
DA:222,0
DA:223,0
DA:224,0
DA:225,0
DA:226,0
DA:227,0
DA:228,0
DA:229,1
DA:230,1
LF:230
LH:30
BRF:0
BRH:0
end_of_record
TN:
SF:src\compile\dom.ts
FN:1,insertAfter
FNF:1
FNH:0
FNDA:0,insertAfter
DA:1,0
DA:2,0
DA:3,0
LF:3
LH:0
BRF:0
BRH:0
end_of_record
TN:
SF:src\compile\render.ts
FN:7,textRender
FN:36,classRender
FN:47,attrRender
FN:55,forRender
FNF:4
FNH:0
FNDA:0,textRender
FNDA:0,classRender
FNDA:0,attrRender
FNDA:0,forRender
DA:1,1
DA:2,1
DA:3,1
DA:4,1
DA:5,1
DA:6,1
DA:7,1
DA:8,0
DA:9,0
DA:10,0
DA:11,0
DA:12,0
DA:13,0
DA:14,0
DA:15,0
DA:16,0
DA:17,0
DA:18,0
DA:19,0
DA:20,0
DA:21,0
DA:22,0
DA:23,0
DA:24,0
DA:25,0
DA:26,0
DA:27,0
DA:28,0
DA:29,0
DA:30,0
DA:31,0
DA:32,0
DA:33,0
DA:34,1
DA:35,1
DA:36,1
DA:37,0
DA:38,0
DA:39,0
DA:40,0
DA:41,0
DA:42,0
DA:43,0
DA:44,1
DA:45,1
DA:46,1
DA:47,1
DA:48,0
DA:49,0
DA:50,0
DA:51,0
DA:52,0
DA:53,1
DA:54,1
DA:55,1
DA:56,0
DA:57,0
DA:58,0
DA:59,0
DA:60,0
DA:61,0
DA:62,0
DA:63,0
DA:64,0
DA:65,0
DA:66,0
DA:67,0
DA:68,0
DA:69,0
DA:70,0
DA:71,0
DA:72,0
DA:73,0
DA:74,0
DA:75,0
DA:76,0
DA:77,0
DA:78,0
DA:79,0
DA:80,0
DA:81,0
DA:82,0
DA:83,0
DA:84,0
DA:85,0
DA:86,0
DA:87,0
DA:88,0
DA:89,0
DA:90,0
DA:91,0
DA:92,0
DA:93,0
DA:94,0
DA:95,0
DA:96,0
DA:97,0
DA:98,0
DA:99,0
DA:100,0
DA:101,0
DA:102,0
DA:103,0
DA:104,0
DA:105,0
DA:106,0
DA:107,0
DA:108,0
DA:109,0
DA:110,0
DA:111,0
DA:112,0
DA:113,0
DA:114,0
DA:115,0
DA:116,0
DA:117,0
DA:118,0
DA:119,0
DA:120,0
DA:121,1
DA:122,1
LF:122
LH:19
BRF:0
BRH:0
end_of_record
TN:
SF:src\compile\util.ts
FN:2,setValueByPath
FN:12,getValueByPath
FN:24,_with
FN:41,runInScope
FNF:4
FNH:0
FNDA:0,setValueByPath
FNDA:0,getValueByPath
FNDA:0,_with
FNDA:0,runInScope
DA:1,1
DA:2,0
DA:3,0
DA:4,0
DA:5,0
DA:6,0
DA:7,0
DA:8,0
DA:9,0
DA:10,0
DA:11,1
DA:12,0
DA:13,0
DA:14,0
DA:15,0
DA:16,0
DA:17,0
DA:18,0
DA:19,0
DA:20,0
DA:21,0
DA:22,1
DA:23,1
DA:24,0
DA:25,0
DA:26,0
DA:27,0
DA:28,0
DA:29,0
DA:30,0
DA:31,0
DA:32,0
DA:33,0
DA:34,0
DA:35,0
DA:36,0
DA:37,0
DA:38,0
DA:39,1
DA:40,1
DA:41,0
DA:42,0
DA:43,0
DA:44,0
LF:44
LH:6
BRF:0
BRH:0
end_of_record
TN:
SF:src\pubsub\pubsub.ts
FN:2,<instance_members_initializer>
FN:5,PubSub
FN:8,subscribe
FN:14,publish
FNF:4
FNH:0
FNDA:0,<instance_members_initializer>
FNDA:0,PubSub
FNDA:0,subscribe
FNDA:0,publish
DA:1,1
DA:2,1
DA:3,1
DA:4,1
DA:5,1
DA:6,0
DA:7,0
DA:8,1
DA:9,0
DA:10,0
DA:11,0
DA:12,0
DA:13,0
DA:14,1
DA:15,0
DA:16,0
DA:17,0
DA:18,0
DA:19,0
DA:20,0
DA:21,1
LF:21
LH:8
BRDA:2,0,0,0
BRF:1
BRH:0
end_of_record
TN:
SF:src\reactivity\computed.ts
FN:4,computed
FN:11,scheduler
FN:25,get value
FNF:3
FNH:3
FNDA:1,computed
FNDA:1,scheduler
FNDA:2,get value
DA:1,1
DA:2,1
DA:3,1
DA:4,1
DA:5,1
DA:6,1
DA:7,1
DA:8,1
DA:9,1
DA:10,1
DA:11,1
DA:12,1
DA:13,1
DA:14,1
DA:15,1
DA:16,1
DA:17,1
DA:18,1
DA:19,1
DA:20,1
DA:21,1
DA:22,1
DA:23,1
DA:24,1
DA:25,1
DA:26,2
DA:27,2
DA:28,2
DA:29,2
DA:30,2
DA:31,2
DA:32,2
DA:33,2
DA:34,2
DA:35,2
DA:36,1
DA:37,1
DA:38,1
DA:39,1
LF:39
LH:39
BRDA:4,0,0,1
BRDA:11,1,0,1
BRDA:25,2,0,2
BRF:3
BRH:3
end_of_record
TN:
SF:src\reactivity\constant.ts
FNF:0
FNH:0
DA:1,1
DA:2,1
DA:3,1
DA:4,1
DA:5,1
DA:6,1
LF:6
LH:6
BRF:0
BRH:0
end_of_record
TN:
SF:src\reactivity\effect.ts
FN:20,effect
FN:21,effectFn
FN:48,cleanUp
FN:59,track
FN:70,trigger
FNF:5
FNH:5
FNDA:22,effect
FNDA:36,effectFn
FNDA:36,cleanUp
FNDA:70,track
FNDA:21,trigger
DA:1,1
DA:2,1
DA:3,1
DA:4,1
DA:5,1
DA:6,1
DA:7,1
DA:8,1
DA:9,1
DA:10,1
DA:11,1
DA:12,1
DA:13,1
DA:14,1
DA:15,1
DA:16,1
DA:17,1
DA:18,1
DA:19,1
DA:20,22
DA:21,22
DA:22,36
DA:23,36
DA:24,36
DA:25,36
DA:26,36
DA:27,36
DA:28,36
DA:29,36
DA:30,36
DA:31,36
DA:32,36
DA:33,36
DA:34,36
DA:35,22
DA:36,22
DA:37,22
DA:38,22
DA:39,22
DA:40,22
DA:41,22
DA:42,11
DA:43,11
DA:44,22
DA:45,22
DA:46,22
DA:47,1
DA:48,36
DA:49,36
DA:50,36
DA:51,25
DA:52,25
DA:53,25
DA:54,25
DA:55,36
DA:56,36
DA:57,36
DA:58,1
DA:59,70
DA:60,70
DA:61,58
DA:62,70
DA:63,70
DA:64,70
DA:65,70
DA:66,70
DA:67,70
DA:68,70
DA:69,1
DA:70,21
DA:71,21
DA:72,21
DA:73,21
DA:74,21
DA:75,21
DA:76,21
DA:77,21
DA:78,21
DA:79,21
DA:80,21
DA:81,21
DA:82,21
DA:83,17
DA:84,17
DA:85,17
DA:86,17
DA:87,17
DA:88,17
DA:89,17
DA:90,10
DA:91,10
DA:92,21
DA:93,21
DA:94,21
DA:95,21
DA:96,21
DA:97,21
DA:98,12
DA:99,12
DA:100,21
DA:101,9
DA:102,6
DA:103,6
DA:104,6
DA:105,6
DA:106,9
DA:107,9
DA:108,17
DA:109,17
DA:110,21
DA:111,5
DA:112,21
DA:113,2
DA:114,2
DA:115,0
DA:116,0
DA:117,0
DA:118,0
DA:119,2
DA:120,2
DA:121,17
DA:122,17
DA:123,21
DA:124,1
DA:125,1
DA:126,1
DA:127,1
DA:128,1
DA:129,1
DA:130,1
DA:131,1
DA:132,17
DA:133,17
DA:134,16
DA:135,16
DA:136,16
DA:137,8
DA:138,8
DA:139,8
DA:140,8
DA:141,16
DA:142,17
DA:143,17
LF:143
LH:139
BRDA:20,0,0,22
BRDA:41,1,0,11
BRDA:21,2,0,36
BRDA:48,3,0,36
BRDA:49,4,0,0
BRDA:50,5,0,25
BRDA:59,6,0,70
BRDA:60,7,0,58
BRDA:60,8,0,12
BRDA:61,9,0,58
BRDA:62,10,0,22
BRDA:63,11,0,31
BRDA:66,12,0,58
BRDA:67,13,0,0
BRDA:70,14,0,21
BRDA:82,15,0,4
BRDA:83,16,0,17
BRDA:89,17,0,10
BRDA:96,18,0,13
BRDA:97,19,0,12
BRDA:100,20,0,9
BRDA:101,21,0,6
BRDA:108,22,0,17
BRDA:110,23,0,13
BRDA:110,24,0,5
BRDA:112,25,0,2
BRDA:114,26,0,0
BRDA:121,27,0,17
BRDA:123,28,0,4
BRDA:123,29,0,1
BRDA:132,30,0,17
BRDA:90,31,0,10
BRDA:102,32,0,6
BRDA:126,33,0,1
BRDA:133,34,0,16
BRDA:136,35,0,8
BRF:36
BRH:33
end_of_record
TN:
SF:src\reactivity\reactive.ts
FN:21,createReactive
FN:31,get
FN:75,set
FN:97,has
FN:102,ownKeys
FN:107,deleteProperty
FN:125,reactive
FN:140,shallowReactive
FNF:8
FNH:8
FNDA:25,createReactive
FNDA:93,get
FNDA:11,set
FNDA:2,has
FNDA:5,ownKeys
FNDA:2,deleteProperty
FNDA:29,reactive
FNDA:1,shallowReactive
DA:1,1
DA:2,1
DA:3,1
DA:4,1
DA:5,1
DA:6,1
DA:7,1
DA:8,1
DA:9,1
DA:10,1
DA:11,1
DA:12,1
DA:13,1
DA:14,1
DA:15,1
DA:16,1
DA:17,1
DA:18,1
DA:19,1
DA:20,1
DA:21,25
DA:22,25
DA:23,25
DA:24,25
DA:25,25
DA:26,25
DA:27,25
DA:28,25
DA:29,25
DA:30,25
DA:31,25
DA:32,93
DA:33,93
DA:34,0
DA:35,0
DA:36,93
DA:37,93
DA:38,23
DA:39,23
DA:40,70
DA:41,70
DA:42,93
DA:43,31
DA:44,9
DA:45,9
DA:46,31
DA:47,22
DA:48,22
DA:49,22
DA:50,0
DA:51,0
DA:52,0
DA:53,31
DA:54,39
DA:55,39
DA:56,39
DA:57,39
DA:58,39
DA:59,39
DA:60,39
DA:61,39
DA:62,39
DA:63,93
DA:64,4
DA:65,4
DA:66,35
DA:67,35
DA:68,93
DA:69,3
DA:70,3
DA:71,32
DA:72,32
DA:73,25
DA:74,25
DA:75,25
DA:76,11
DA:77,11
DA:78,11
DA:79,11
DA:80,4
DA:81,4
DA:82,4
DA:83,11
DA:84,7
DA:85,7
DA:86,11
DA:87,11
DA:88,11
DA:89,11
DA:90,9
DA:91,9
DA:92,9
DA:93,9
DA:94,11
DA:95,25
DA:96,25
DA:97,25
DA:98,2
DA:99,2
DA:100,25
DA:101,25
DA:102,25
DA:103,5
DA:104,5
DA:105,25
DA:106,25
DA:107,25
DA:108,2
DA:109,2
DA:110,2
DA:111,2
DA:112,2
DA:113,1
DA:114,1
DA:115,2
DA:116,1
DA:117,2
DA:118,2
DA:119,2
DA:120,25
DA:121,25
DA:122,25
DA:123,1
DA:124,1
DA:125,29
DA:126,29
DA:127,29
DA:128,29
DA:129,29
DA:130,5
DA:131,5
DA:132,5
DA:133,24
DA:134,24
DA:135,24
DA:136,24
DA:137,24
DA:138,24
DA:139,1
DA:140,1
DA:141,1
DA:142,1
DA:143,1
DA:144,1
LF:144
LH:139
BRDA:21,0,0,25
BRDA:31,1,0,93
BRDA:33,2,0,0
BRDA:37,3,0,23
BRDA:40,4,0,70
BRDA:42,5,0,64
BRDA:42,6,0,31
BRDA:43,7,0,9
BRDA:46,8,0,22
BRDA:50,9,0,0
BRDA:54,10,0,39
BRDA:63,11,0,4
BRDA:66,12,0,35
BRDA:68,13,0,3
BRDA:68,14,0,3
BRDA:71,15,0,32
BRDA:75,16,0,11
BRDA:79,17,0,4
BRDA:81,18,0,0
BRDA:83,19,0,7
BRDA:86,20,0,0
BRDA:89,21,0,9
BRDA:97,22,0,2
BRDA:102,23,0,5
BRDA:103,24,0,2
BRDA:103,25,0,3
BRDA:107,26,0,2
BRDA:112,27,0,1
BRDA:115,28,0,1
BRDA:125,29,0,29
BRDA:129,30,0,5
BRDA:133,31,0,24
BRDA:140,32,0,1
BRF:33
BRH:29
end_of_record
TN:
SF:src\reactivity\ref.ts
FN:3,ref
FN:15,toRef
FN:17,get value
FN:20,set value
FN:30,toRefs
FNF:5
FNH:4
FNDA:1,ref
FNDA:2,toRef
FNDA:4,get value
FNDA:0,set value
FNDA:1,toRefs
DA:1,1
DA:2,1
DA:3,1
DA:4,1
DA:5,1
DA:6,1
DA:7,1
DA:8,1
DA:9,1
DA:10,1
DA:11,1
DA:12,1
DA:13,1
DA:14,1
DA:15,2
DA:16,2
DA:17,2
DA:18,4
DA:19,2
DA:20,2
DA:21,0
DA:22,2
DA:23,2
DA:24,2
DA:25,2
DA:26,2
DA:27,2
DA:28,2
DA:29,1
DA:30,1
DA:31,1
DA:32,1
DA:33,2
DA:34,2
DA:35,2
DA:36,1
DA:37,1
DA:38,1
LF:38
LH:37
BRDA:3,0,0,1
BRDA:15,1,0,2
BRDA:17,2,0,4
BRDA:30,3,0,1
BRDA:32,4,0,2
BRF:5
BRH:5
end_of_record
TN:
SF:src\reactivity\rewrite.ts
FN:8,add
FN:24,delete
FN:40,get
FN:51,set
FN:72,forEach
FN:92,Object.<anonymous>.exports.mutableInstrumentations
FN:100,next
FN:115,entries
FN:126,valueIterationMethod
FN:133,next
FN:146,keyIterationMethod
FN:153,next
FN:166,wrap
FNF:13
FNH:12
FNDA:2,add
FNDA:1,delete
FNDA:4,get
FNDA:6,set
FNDA:4,forEach
FNDA:2,Object.<anonymous>.exports.mutableInstrumentations
FNDA:7,next
FNDA:0,entries
FNDA:2,valueIterationMethod
FNDA:6,next
FNDA:1,keyIterationMethod
FNDA:3,next
FNDA:24,wrap
DA:1,1
DA:2,1
DA:3,1
DA:4,1
DA:5,1
DA:6,1
DA:7,1
DA:8,1
DA:9,2
DA:10,2
DA:11,2
DA:12,2
DA:13,2
DA:14,2
DA:15,2
DA:16,2
DA:17,2
DA:18,2
DA:19,2
DA:20,2
DA:21,2
DA:22,1
DA:23,1
DA:24,1
DA:25,1
DA:26,1
DA:27,1
DA:28,1
DA:29,1
DA:30,1
DA:31,1
DA:32,1
DA:33,1
DA:34,1
DA:35,1
DA:36,1
DA:37,1
DA:38,1
DA:39,1
DA:40,1
DA:41,4
DA:42,4
DA:43,4
DA:44,4
DA:45,4
DA:46,4
DA:47,4
DA:48,0
DA:49,1
DA:50,1
DA:51,1
DA:52,6
DA:53,6
DA:54,6
DA:55,6
DA:56,6
DA:57,6
DA:58,6
DA:59,6
DA:60,6
DA:61,2
DA:62,2
DA:63,2
DA:64,6
DA:65,4
DA:66,4
DA:67,4
DA:68,4
DA:69,6
DA:70,1
DA:71,1
DA:72,1
DA:73,4
DA:74,4
DA:75,4
DA:76,4
DA:77,4
DA:78,4
DA:79,4
DA:80,4
DA:81,4
DA:82,4
DA:83,4
DA:84,4
DA:85,4
DA:86,4
DA:87,4
DA:88,4
DA:89,4
DA:90,1
DA:91,1
DA:92,1
DA:93,2
DA:94,2
DA:95,2
DA:96,2
DA:97,2
DA:98,2
DA:99,2
DA:100,2
DA:101,7
DA:102,7
DA:103,7
DA:104,7
DA:105,7
DA:106,2
DA:107,2
DA:108,2
DA:109,2
DA:110,0
DA:111,2
DA:112,2
DA:113,1
DA:114,1
DA:115,1
DA:116,0
DA:117,0
DA:118,0
DA:119,1
DA:120,1
DA:121,1
DA:122,1
DA:123,1
DA:124,1
DA:125,1
DA:126,2
DA:127,2
DA:128,2
DA:129,2
DA:130,2
DA:131,2
DA:132,2
DA:133,2
DA:134,6
DA:135,6
DA:136,6
DA:137,6
DA:138,6
DA:139,2
DA:140,2
DA:141,2
DA:142,2
DA:143,2
DA:144,2
DA:145,1
DA:146,1
DA:147,1
DA:148,1
DA:149,1
DA:150,1
DA:151,1
DA:152,1
DA:153,1
DA:154,3
DA:155,3
DA:156,3
DA:157,3
DA:158,3
DA:159,1
DA:160,1
DA:161,1
DA:162,1
DA:163,1
DA:164,1
DA:165,1
DA:166,1
LF:166
LH:161
BRDA:8,0,0,2
BRDA:24,1,0,1
BRDA:40,2,0,4
BRDA:46,3,0,2
BRDA:46,4,0,2
BRDA:48,5,0,0
BRDA:51,6,0,6
BRDA:56,7,0,5
BRDA:60,8,0,2
BRDA:64,9,0,4
BRDA:64,10,0,0
BRDA:72,11,0,4
BRDA:87,12,0,4
BRDA:92,13,0,2
BRDA:100,14,0,7
BRDA:103,15,0,5
BRDA:103,16,0,2
BRDA:126,17,0,2
BRDA:133,18,0,6
BRDA:136,19,0,4
BRDA:136,20,0,2
BRDA:140,21,0,2
BRDA:146,22,0,1
BRDA:153,23,0,3
BRDA:156,24,0,2
BRDA:156,25,0,1
BRDA:160,26,0,1
BRDA:166,27,0,24
BRDA:166,28,0,2
BRDA:166,29,0,22
BRF:30
BRH:28
end_of_record
TN:
SF:src\reactivity\type.ts
FNF:0
FNH:0
DA:1,1
DA:2,1
DA:3,1
DA:4,1
DA:5,1
DA:6,1
DA:7,1
DA:8,1
DA:9,1
DA:10,1
DA:11,1
DA:12,1
DA:13,1
DA:14,1
DA:15,1
DA:16,1
DA:17,1
DA:18,1
DA:19,1
DA:20,1
DA:21,1
DA:22,1
LF:22
LH:22
BRDA:14,0,0,1
BRF:1
BRH:1
end_of_record
TN:
SF:src\reactivity\watch.ts
FN:9,watch
FN:25,onInvalidate
FN:29,job
FN:38,effectFn.lazy
FN:49,scheduler
FN:74,traverse
FNF:6
FNH:5
FNDA:8,watch
FNDA:0,onInvalidate
FNDA:7,job
FNDA:15,effectFn.lazy
FNDA:7,scheduler
FNDA:4,traverse
DA:1,1
DA:2,1
DA:3,1
DA:4,1
DA:5,1
DA:6,1
DA:7,1
DA:8,1
DA:9,8
DA:10,8
DA:11,8
DA:12,8
DA:13,8
DA:14,8
DA:15,8
DA:16,8
DA:17,8
DA:18,8
DA:19,8
DA:20,8
DA:21,8
DA:22,8
DA:23,8
DA:24,8
DA:25,8
DA:26,0
DA:27,0
DA:28,8
DA:29,8
DA:30,7
DA:31,7
DA:32,7
DA:33,7
DA:34,7
DA:35,7
DA:36,8
DA:37,8
DA:38,8
DA:39,15
DA:40,13
DA:41,15
DA:42,2
DA:43,2
DA:44,2
DA:45,2
DA:46,8
DA:47,8
DA:48,8
DA:49,8
DA:50,7
DA:51,0
DA:52,7
DA:53,7
DA:54,7
DA:55,8
DA:56,8
DA:57,8
DA:58,8
DA:59,8
DA:60,8
DA:61,0
DA:62,8
DA:63,8
DA:64,8
DA:65,8
DA:66,8
DA:67,1
DA:68,1
DA:69,1
DA:70,1
DA:71,1
DA:72,1
DA:73,1
DA:74,4
DA:75,4
DA:76,4
DA:77,2
DA:78,2
DA:79,2
DA:80,2
DA:81,2
DA:82,2
LF:82
LH:78
BRDA:9,0,0,8
BRDA:60,1,0,0
BRDA:29,2,0,7
BRDA:30,3,0,0
BRDA:38,4,0,15
BRDA:39,5,0,13
BRDA:41,6,0,2
BRDA:49,7,0,7
BRDA:50,8,0,0
BRDA:74,9,0,4
BRDA:75,10,0,2
BRDA:75,11,0,2
BRDA:76,12,0,2
BRF:13
BRH:10
end_of_record
TN:
SF:src\utils\index.ts
FN:2,getType
FNF:1
FNH:1
FNDA:42,getType
DA:1,1
DA:2,42
DA:3,42
DA:4,42
LF:4
LH:4
BRDA:2,0,0,42
BRF:1
BRH:1
end_of_record
TN:
SF:src\zvm\zvm.ts
FN:9,createVM
FN:51,createApp
FN:65,proxyData
FN:78,initLiftcycle
FN:87,initDrirectives
FN:95,proxyMethod
FN:105,initComputed
FNF:7
FNH:0
FNDA:0,createVM
FNDA:0,createApp
FNDA:0,proxyData
FNDA:0,initLiftcycle
FNDA:0,initDrirectives
FNDA:0,proxyMethod
FNDA:0,initComputed
DA:1,1
DA:2,1
DA:3,1
DA:4,1
DA:5,1
DA:6,1
DA:7,1
DA:8,1
DA:9,0
DA:10,0
DA:11,0
DA:12,0
DA:13,0
DA:14,0
DA:15,0
DA:16,0
DA:17,0
DA:18,0
DA:19,0
DA:20,0
DA:21,0
DA:22,0
DA:23,0
DA:24,0
DA:25,0
DA:26,0
DA:27,0
DA:28,0
DA:29,0
DA:30,0
DA:31,0
DA:32,0
DA:33,0
DA:34,0
DA:35,0
DA:36,0
DA:37,0
DA:38,0
DA:39,0
DA:40,0
DA:41,0
DA:42,0
DA:43,0
DA:44,0
DA:45,0
DA:46,0
DA:47,0
DA:48,0
DA:49,0
DA:50,1
DA:51,0
DA:52,0
DA:53,0
DA:54,0
DA:55,0
DA:56,0
DA:57,0
DA:58,0
DA:59,0
DA:60,0
DA:61,0
DA:62,0
DA:63,0
DA:64,1
DA:65,0
DA:66,0
DA:67,0
DA:68,0
DA:69,0
DA:70,0
DA:71,0
DA:72,0
DA:73,0
DA:74,0
DA:75,0
DA:76,0
DA:77,1
DA:78,0
DA:79,0
DA:80,0
DA:81,0
DA:82,0
DA:83,0
DA:84,0
DA:85,0
DA:86,1
DA:87,0
DA:88,0
DA:89,0
DA:90,0
DA:91,0
DA:92,0
DA:93,0
DA:94,1
DA:95,0
DA:96,0
DA:97,0
DA:98,0
DA:99,0
DA:100,0
DA:101,0
DA:102,0
DA:103,0
DA:104,1
DA:105,0
DA:106,0
DA:107,0
DA:108,0
DA:109,0
DA:110,0
DA:111,0
DA:112,0
DA:113,0
DA:114,0
DA:115,0
DA:116,0
LF:116
LH:14
BRF:0
BRH:0
end_of_record
