TN:
SF:src\main.ts
FN:1,get
FN:1,get
FN:2,get
FN:3,get
FN:4,get
FN:5,get
FNF:6
FNH:5
FNDA:17,get
FNDA:1,get
FNDA:8,get
FNDA:1,get
FNDA:8,get
FNDA:0,get
DA:1,1
DA:2,1
DA:3,1
DA:4,1
DA:5,1
DA:6,1
LF:6
LH:6
BRDA:1,0,0,17
BRDA:1,1,0,1
BRDA:2,2,0,8
BRDA:3,3,0,1
BRDA:4,4,0,8
BRF:5
BRH:5
end_of_record
TN:
SF:src\compile\compile.ts
FN:6,<instance_members_initializer>
FN:12,Compile
FN:25,mount
FN:36,nodeToFragment
FN:47,compileFrag
FN:61,compileNode
FN:71,compileText
FN:84,compileElement
FN:103,compileDirective
FNF:9
FNH:0
FNDA:0,<instance_members_initializer>
FNDA:0,Compile
FNDA:0,mount
FNDA:0,nodeToFragment
FNDA:0,compileFrag
FNDA:0,compileNode
FNDA:0,compileText
FNDA:0,compileElement
FNDA:0,compileDirective
DA:1,1
DA:2,1
DA:3,1
DA:4,1
DA:5,1
DA:6,1
DA:7,0
DA:8,0
DA:9,0
DA:10,0
DA:11,1
DA:12,1
DA:13,0
DA:14,0
DA:15,0
DA:16,0
DA:17,0
DA:18,0
DA:19,0
DA:20,0
DA:21,0
DA:22,0
DA:23,1
DA:24,1
DA:25,1
DA:26,0
DA:27,0
DA:28,0
DA:29,0
DA:30,0
DA:31,0
DA:32,0
DA:33,0
DA:34,1
DA:35,1
DA:36,1
DA:37,0
DA:38,0
DA:39,0
DA:40,0
DA:41,0
DA:42,0
DA:43,0
DA:44,0
DA:45,1
DA:46,1
DA:47,1
DA:48,0
DA:49,0
DA:50,0
DA:51,0
DA:52,0
DA:53,0
DA:54,0
DA:55,0
DA:56,0
DA:57,0
DA:58,0
DA:59,1
DA:60,1
DA:61,1
DA:62,0
DA:63,0
DA:64,0
DA:65,0
DA:66,0
DA:67,0
DA:68,0
DA:69,1
DA:70,1
DA:71,1
DA:72,0
DA:73,0
DA:74,0
DA:75,0
DA:76,0
DA:77,0
DA:78,0
DA:79,0
DA:80,0
DA:81,0
DA:82,1
DA:83,1
DA:84,1
DA:85,0
DA:86,0
DA:87,0
DA:88,0
DA:89,0
DA:90,0
DA:91,0
DA:92,0
DA:93,0
DA:94,0
DA:95,0
DA:96,0
DA:97,0
DA:98,0
DA:99,0
DA:100,0
DA:101,1
DA:102,1
DA:103,1
DA:104,0
DA:105,0
DA:106,0
DA:107,0
DA:108,0
DA:109,0
DA:110,0
DA:111,0
DA:112,0
DA:113,0
DA:114,1
LF:114
LH:30
BRDA:6,0,0,0
BRF:1
BRH:0
end_of_record
TN:
SF:src\compile\directives.ts
FN:9,registerDirective
FN:13,triggerDirective
FN:48,on
FN:98,model
FN:140,text
FN:164,if
FN:192,for
FN:214,bind
FNF:8
FNH:0
FNDA:0,registerDirective
FNDA:0,triggerDirective
FNDA:0,on
FNDA:0,model
FNDA:0,text
FNDA:0,if
FNDA:0,for
FNDA:0,bind
DA:1,1
DA:2,1
DA:3,1
DA:4,1
DA:5,1
DA:6,1
DA:7,1
DA:8,1
DA:9,0
DA:10,0
DA:11,0
DA:12,1
DA:13,0
DA:14,0
DA:15,0
DA:16,0
DA:17,0
DA:18,0
DA:19,0
DA:20,0
DA:21,0
DA:22,0
DA:23,0
DA:24,0
DA:25,0
DA:26,0
DA:27,0
DA:28,0
DA:29,0
DA:30,0
DA:31,0
DA:32,0
DA:33,0
DA:34,0
DA:35,0
DA:36,0
DA:37,0
DA:38,0
DA:39,0
DA:40,0
DA:41,0
DA:42,0
DA:43,0
DA:44,0
DA:45,0
DA:46,1
DA:47,1
DA:48,1
DA:49,0
DA:50,0
DA:51,0
DA:52,0
DA:53,0
DA:54,0
DA:55,0
DA:56,0
DA:57,0
DA:58,0
DA:59,0
DA:60,0
DA:61,0
DA:62,0
DA:63,0
DA:64,0
DA:65,0
DA:66,0
DA:67,0
DA:68,0
DA:69,0
DA:70,0
DA:71,0
DA:72,0
DA:73,0
DA:74,0
DA:75,0
DA:76,0
DA:77,0
DA:78,0
DA:79,0
DA:80,0
DA:81,0
DA:82,0
DA:83,0
DA:84,0
DA:85,0
DA:86,0
DA:87,0
DA:88,0
DA:89,0
DA:90,0
DA:91,0
DA:92,0
DA:93,0
DA:94,0
DA:95,0
DA:96,1
DA:97,1
DA:98,1
DA:99,0
DA:100,0
DA:101,0
DA:102,0
DA:103,0
DA:104,0
DA:105,0
DA:106,0
DA:107,0
DA:108,0
DA:109,0
DA:110,0
DA:111,0
DA:112,0
DA:113,0
DA:114,0
DA:115,0
DA:116,0
DA:117,0
DA:118,0
DA:119,0
DA:120,0
DA:121,0
DA:122,0
DA:123,0
DA:124,0
DA:125,0
DA:126,0
DA:127,0
DA:128,0
DA:129,0
DA:130,0
DA:131,0
DA:132,0
DA:133,0
DA:134,0
DA:135,0
DA:136,0
DA:137,1
DA:138,1
DA:139,1
DA:140,1
DA:141,0
DA:142,0
DA:143,0
DA:144,0
DA:145,0
DA:146,0
DA:147,0
DA:148,0
DA:149,0
DA:150,0
DA:151,0
DA:152,0
DA:153,0
DA:154,0
DA:155,0
DA:156,0
DA:157,0
DA:158,0
DA:159,0
DA:160,0
DA:161,0
DA:162,1
DA:163,1
DA:164,1
DA:165,0
DA:166,0
DA:167,0
DA:168,0
DA:169,0
DA:170,0
DA:171,0
DA:172,0
DA:173,0
DA:174,0
DA:175,0
DA:176,0
DA:177,0
DA:178,0
DA:179,0
DA:180,0
DA:181,0
DA:182,0
DA:183,0
DA:184,0
DA:185,0
DA:186,0
DA:187,0
DA:188,0
DA:189,0
DA:190,1
DA:191,1
DA:192,1
DA:193,0
DA:194,0
DA:195,0
DA:196,0
DA:197,0
DA:198,0
DA:199,0
DA:200,0
DA:201,0
DA:202,0
DA:203,0
DA:204,0
DA:205,0
DA:206,0
DA:207,0
DA:208,0
DA:209,0
DA:210,0
DA:211,0
DA:212,1
DA:213,1
DA:214,1
DA:215,0
DA:216,0
DA:217,0
DA:218,0
DA:219,0
DA:220,0
DA:221,0
DA:222,0
DA:223,0
DA:224,0
DA:225,0
DA:226,0
DA:227,0
DA:228,0
DA:229,1
DA:230,1
LF:230
LH:30
BRF:0
BRH:0
end_of_record
TN:
SF:src\compile\dom.ts
FN:1,insertAfter
FNF:1
FNH:0
FNDA:0,insertAfter
DA:1,0
DA:2,0
DA:3,0
LF:3
LH:0
BRF:0
BRH:0
end_of_record
TN:
SF:src\compile\render.ts
FN:7,textRender
FN:36,classRender
FN:47,attrRender
FN:55,forRender
FNF:4
FNH:0
FNDA:0,textRender
FNDA:0,classRender
FNDA:0,attrRender
FNDA:0,forRender
DA:1,1
DA:2,1
DA:3,1
DA:4,1
DA:5,1
DA:6,1
DA:7,1
DA:8,0
DA:9,0
DA:10,0
DA:11,0
DA:12,0
DA:13,0
DA:14,0
DA:15,0
DA:16,0
DA:17,0
DA:18,0
DA:19,0
DA:20,0
DA:21,0
DA:22,0
DA:23,0
DA:24,0
DA:25,0
DA:26,0
DA:27,0
DA:28,0
DA:29,0
DA:30,0
DA:31,0
DA:32,0
DA:33,0
DA:34,1
DA:35,1
DA:36,1
DA:37,0
DA:38,0
DA:39,0
DA:40,0
DA:41,0
DA:42,0
DA:43,0
DA:44,1
DA:45,1
DA:46,1
DA:47,1
DA:48,0
DA:49,0
DA:50,0
DA:51,0
DA:52,0
DA:53,1
DA:54,1
DA:55,1
DA:56,0
DA:57,0
DA:58,0
DA:59,0
DA:60,0
DA:61,0
DA:62,0
DA:63,0
DA:64,0
DA:65,0
DA:66,0
DA:67,0
DA:68,0
DA:69,0
DA:70,0
DA:71,0
DA:72,0
DA:73,0
DA:74,0
DA:75,0
DA:76,0
DA:77,0
DA:78,0
DA:79,0
DA:80,0
DA:81,0
DA:82,0
DA:83,0
DA:84,0
DA:85,0
DA:86,0
DA:87,0
DA:88,0
DA:89,0
DA:90,0
DA:91,0
DA:92,0
DA:93,0
DA:94,0
DA:95,0
DA:96,0
DA:97,0
DA:98,0
DA:99,0
DA:100,0
DA:101,0
DA:102,0
DA:103,0
DA:104,0
DA:105,0
DA:106,0
DA:107,0
DA:108,0
DA:109,0
DA:110,0
DA:111,0
DA:112,0
DA:113,0
DA:114,0
DA:115,0
DA:116,0
DA:117,0
DA:118,0
DA:119,1
DA:120,1
LF:120
LH:19
BRF:0
BRH:0
end_of_record
TN:
SF:src\compile\util.ts
FN:2,setValueByPath
FN:12,getValueByPath
FN:24,_with
FN:41,runInScope
FNF:4
FNH:0
FNDA:0,setValueByPath
FNDA:0,getValueByPath
FNDA:0,_with
FNDA:0,runInScope
DA:1,1
DA:2,0
DA:3,0
DA:4,0
DA:5,0
DA:6,0
DA:7,0
DA:8,0
DA:9,0
DA:10,0
DA:11,1
DA:12,0
DA:13,0
DA:14,0
DA:15,0
DA:16,0
DA:17,0
DA:18,0
DA:19,0
DA:20,0
DA:21,0
DA:22,1
DA:23,1
DA:24,0
DA:25,0
DA:26,0
DA:27,0
DA:28,0
DA:29,0
DA:30,0
DA:31,0
DA:32,0
DA:33,0
DA:34,0
DA:35,0
DA:36,0
DA:37,0
DA:38,0
DA:39,1
DA:40,1
DA:41,0
DA:42,0
DA:43,0
DA:44,0
LF:44
LH:6
BRF:0
BRH:0
end_of_record
TN:
SF:src\pubsub\pubsub.ts
FN:2,<instance_members_initializer>
FN:5,PubSub
FN:8,subscribe
FN:14,publish
FNF:4
FNH:0
FNDA:0,<instance_members_initializer>
FNDA:0,PubSub
FNDA:0,subscribe
FNDA:0,publish
DA:1,1
DA:2,1
DA:3,1
DA:4,1
DA:5,1
DA:6,0
DA:7,0
DA:8,1
DA:9,0
DA:10,0
DA:11,0
DA:12,0
DA:13,0
DA:14,1
DA:15,0
DA:16,0
DA:17,0
DA:18,0
DA:19,0
DA:20,0
DA:21,1
LF:21
LH:8
BRDA:2,0,0,0
BRF:1
BRH:0
end_of_record
TN:
SF:src\reactivity\computed.ts
FN:4,computed
FN:11,scheduler
FN:25,get value
FNF:3
FNH:3
FNDA:1,computed
FNDA:1,scheduler
FNDA:2,get value
DA:1,1
DA:2,1
DA:3,1
DA:4,1
DA:5,1
DA:6,1
DA:7,1
DA:8,1
DA:9,1
DA:10,1
DA:11,1
DA:12,1
DA:13,1
DA:14,1
DA:15,1
DA:16,1
DA:17,1
DA:18,1
DA:19,1
DA:20,1
DA:21,1
DA:22,1
DA:23,1
DA:24,1
DA:25,1
DA:26,2
DA:27,2
DA:28,2
DA:29,2
DA:30,2
DA:31,2
DA:32,2
DA:33,2
DA:34,2
DA:35,2
DA:36,1
DA:37,1
DA:38,1
DA:39,1
LF:39
LH:39
BRDA:4,0,0,1
BRDA:11,1,0,1
BRDA:25,2,0,2
BRF:3
BRH:3
end_of_record
TN:
SF:src\reactivity\effect.ts
FN:22,effect
FN:23,effectFn
FN:50,cleanUp
FN:61,track
FN:72,trigger
FNF:5
FNH:5
FNDA:17,effect
FNDA:27,effectFn
FNDA:27,cleanUp
FNDA:54,track
FNDA:16,trigger
DA:1,1
DA:2,1
DA:3,1
DA:4,1
DA:5,1
DA:6,1
DA:7,1
DA:8,1
DA:9,1
DA:10,1
DA:11,1
DA:12,1
DA:13,1
DA:14,1
DA:15,1
DA:16,1
DA:17,1
DA:18,1
DA:19,1
DA:20,1
DA:21,1
DA:22,17
DA:23,17
DA:24,27
DA:25,27
DA:26,27
DA:27,27
DA:28,27
DA:29,27
DA:30,27
DA:31,27
DA:32,27
DA:33,27
DA:34,27
DA:35,27
DA:36,27
DA:37,17
DA:38,17
DA:39,17
DA:40,17
DA:41,17
DA:42,17
DA:43,17
DA:44,6
DA:45,6
DA:46,17
DA:47,17
DA:48,17
DA:49,1
DA:50,27
DA:51,27
DA:52,27
DA:53,19
DA:54,19
DA:55,19
DA:56,19
DA:57,27
DA:58,27
DA:59,27
DA:60,1
DA:61,54
DA:62,54
DA:63,45
DA:64,54
DA:65,54
DA:66,54
DA:67,54
DA:68,54
DA:69,54
DA:70,54
DA:71,1
DA:72,16
DA:73,16
DA:74,16
DA:75,16
DA:76,16
DA:77,16
DA:78,16
DA:79,16
DA:80,16
DA:81,16
DA:82,16
DA:83,16
DA:84,16
DA:85,12
DA:86,12
DA:87,12
DA:88,12
DA:89,12
DA:90,12
DA:91,12
DA:92,8
DA:93,8
DA:94,16
DA:95,16
DA:96,16
DA:97,16
DA:98,16
DA:99,16
DA:100,8
DA:101,8
DA:102,16
DA:103,6
DA:104,4
DA:105,4
DA:106,4
DA:107,4
DA:108,6
DA:109,6
DA:110,12
DA:111,12
DA:112,16
DA:113,1
DA:114,1
DA:115,1
DA:116,1
DA:117,1
DA:118,1
DA:119,1
DA:120,1
DA:121,12
DA:122,12
DA:123,12
DA:124,12
DA:125,12
DA:126,8
DA:127,12
DA:128,4
DA:129,4
DA:130,12
DA:131,12
DA:132,12
LF:132
LH:132
BRDA:22,0,0,17
BRDA:43,1,0,6
BRDA:23,2,0,27
BRDA:50,3,0,27
BRDA:51,4,0,0
BRDA:52,5,0,19
BRDA:61,6,0,54
BRDA:62,7,0,45
BRDA:62,8,0,9
BRDA:63,9,0,45
BRDA:64,10,0,17
BRDA:65,11,0,25
BRDA:68,12,0,45
BRDA:69,13,0,0
BRDA:72,14,0,16
BRDA:84,15,0,4
BRDA:85,16,0,12
BRDA:91,17,0,8
BRDA:98,18,0,9
BRDA:99,19,0,8
BRDA:102,20,0,6
BRDA:103,21,0,4
BRDA:110,22,0,12
BRDA:112,23,0,3
BRDA:112,24,0,1
BRDA:121,25,0,12
BRDA:92,26,0,8
BRDA:104,27,0,4
BRDA:115,28,0,1
BRDA:122,29,0,12
BRDA:125,30,0,8
BRDA:127,31,0,4
BRF:32
BRH:30
end_of_record
TN:
SF:src\reactivity\reactive.ts
FN:15,add
FN:31,delete
FN:47,get
FN:58,set
FN:78,forEach
FN:89,wrap
FN:107,createReactive
FN:117,get
FN:160,set
FN:182,has
FN:187,ownKeys
FN:192,deleteProperty
FN:210,reactive
FN:225,shallowReactive
FNF:14
FNH:14
FNDA:2,add
FNDA:1,delete
FNDA:4,get
FNDA:3,set
FNDA:4,forEach
FNDA:8,wrap
FNDA:20,createReactive
FNDA:67,get
FNDA:9,set
FNDA:2,has
FNDA:4,ownKeys
FNDA:2,deleteProperty
FNDA:24,reactive
FNDA:1,shallowReactive
DA:1,1
DA:2,1
DA:3,1
DA:4,1
DA:5,1
DA:6,1
DA:7,1
DA:8,1
DA:9,1
DA:10,1
DA:11,1
DA:12,1
DA:13,1
DA:14,1
DA:15,1
DA:16,2
DA:17,2
DA:18,2
DA:19,2
DA:20,2
DA:21,2
DA:22,2
DA:23,2
DA:24,2
DA:25,2
DA:26,2
DA:27,2
DA:28,2
DA:29,1
DA:30,1
DA:31,1
DA:32,1
DA:33,1
DA:34,1
DA:35,1
DA:36,1
DA:37,1
DA:38,1
DA:39,1
DA:40,1
DA:41,1
DA:42,1
DA:43,1
DA:44,1
DA:45,1
DA:46,1
DA:47,1
DA:48,4
DA:49,4
DA:50,4
DA:51,4
DA:52,4
DA:53,4
DA:54,4
DA:55,0
DA:56,1
DA:57,1
DA:58,1
DA:59,3
DA:60,3
DA:61,3
DA:62,3
DA:63,3
DA:64,3
DA:65,3
DA:66,3
DA:67,3
DA:68,1
DA:69,1
DA:70,1
DA:71,3
DA:72,2
DA:73,2
DA:74,2
DA:75,2
DA:76,3
DA:77,1
DA:78,1
DA:79,4
DA:80,4
DA:81,4
DA:82,4
DA:83,4
DA:84,4
DA:85,4
DA:86,4
DA:87,4
DA:88,4
DA:89,4
DA:90,4
DA:91,4
DA:92,4
DA:93,4
DA:94,4
DA:95,4
DA:96,4
DA:97,1
DA:98,1
DA:99,1
DA:100,1
DA:101,1
DA:102,1
DA:103,1
DA:104,1
DA:105,1
DA:106,1
DA:107,20
DA:108,20
DA:109,20
DA:110,20
DA:111,20
DA:112,20
DA:113,20
DA:114,20
DA:115,20
DA:116,20
DA:117,20
DA:118,67
DA:119,67
DA:120,0
DA:121,0
DA:122,67
DA:123,67
DA:124,15
DA:125,15
DA:126,52
DA:127,52
DA:128,67
DA:129,21
DA:130,7
DA:131,7
DA:132,21
DA:133,14
DA:134,14
DA:135,14
DA:136,0
DA:137,0
DA:138,21
DA:139,31
DA:140,31
DA:141,31
DA:142,31
DA:143,31
DA:144,31
DA:145,31
DA:146,31
DA:147,31
DA:148,67
DA:149,4
DA:150,4
DA:151,27
DA:152,27
DA:153,67
DA:154,3
DA:155,3
DA:156,24
DA:157,24
DA:158,20
DA:159,20
DA:160,20
DA:161,9
DA:162,9
DA:163,9
DA:164,9
DA:165,4
DA:166,4
DA:167,4
DA:168,9
DA:169,5
DA:170,5
DA:171,9
DA:172,9
DA:173,9
DA:174,9
DA:175,7
DA:176,7
DA:177,7
DA:178,7
DA:179,9
DA:180,20
DA:181,20
DA:182,20
DA:183,2
DA:184,2
DA:185,20
DA:186,20
DA:187,20
DA:188,4
DA:189,4
DA:190,20
DA:191,20
DA:192,20
DA:193,2
DA:194,2
DA:195,2
DA:196,2
DA:197,2
DA:198,1
DA:199,1
DA:200,2
DA:201,1
DA:202,2
DA:203,2
DA:204,2
DA:205,20
DA:206,20
DA:207,20
DA:208,1
DA:209,1
DA:210,24
DA:211,24
DA:212,24
DA:213,24
DA:214,24
DA:215,5
DA:216,5
DA:217,5
DA:218,19
DA:219,19
DA:220,19
DA:221,19
DA:222,19
DA:223,19
DA:224,1
DA:225,1
DA:226,1
DA:227,1
DA:228,1
DA:229,1
LF:229
LH:224
BRDA:15,0,0,2
BRDA:31,1,0,1
BRDA:47,2,0,4
BRDA:53,3,0,2
BRDA:53,4,0,2
BRDA:55,5,0,0
BRDA:58,6,0,3
BRDA:63,7,0,2
BRDA:67,8,0,1
BRDA:71,9,0,2
BRDA:71,10,0,0
BRDA:78,11,0,4
BRDA:89,12,0,8
BRDA:89,13,0,2
BRDA:89,14,0,6
BRDA:94,15,0,4
BRDA:107,16,0,20
BRDA:117,17,0,67
BRDA:119,18,0,0
BRDA:123,19,0,15
BRDA:126,20,0,52
BRDA:128,21,0,46
BRDA:128,22,0,21
BRDA:129,23,0,7
BRDA:132,24,0,14
BRDA:136,25,0,0
BRDA:139,26,0,31
BRDA:148,27,0,4
BRDA:151,28,0,27
BRDA:153,29,0,3
BRDA:153,30,0,3
BRDA:156,31,0,24
BRDA:160,32,0,9
BRDA:164,33,0,4
BRDA:166,34,0,0
BRDA:168,35,0,5
BRDA:171,36,0,0
BRDA:174,37,0,7
BRDA:182,38,0,2
BRDA:187,39,0,4
BRDA:188,40,0,2
BRDA:188,41,0,2
BRDA:192,42,0,2
BRDA:197,43,0,1
BRDA:200,44,0,1
BRDA:210,45,0,24
BRDA:214,46,0,5
BRDA:218,47,0,19
BRDA:225,48,0,1
BRF:49
BRH:43
end_of_record
TN:
SF:src\reactivity\type.ts
FNF:0
FNH:0
DA:1,1
DA:2,1
DA:3,1
DA:4,1
DA:5,1
DA:6,1
DA:7,1
DA:8,1
DA:9,1
DA:10,1
DA:11,1
DA:12,1
DA:13,1
DA:14,1
DA:15,1
DA:16,1
DA:17,1
DA:18,1
DA:19,1
DA:20,1
DA:21,1
DA:22,1
LF:22
LH:22
BRDA:14,0,0,1
BRF:1
BRH:1
end_of_record
TN:
SF:src\reactivity\watch.ts
FN:9,watch
FN:25,onInvalidate
FN:29,job
FN:38,effectFn.lazy
FN:49,scheduler
FN:74,traverse
FNF:6
FNH:5
FNDA:8,watch
FNDA:0,onInvalidate
FNDA:7,job
FNDA:15,effectFn.lazy
FNDA:7,scheduler
FNDA:4,traverse
DA:1,1
DA:2,1
DA:3,1
DA:4,1
DA:5,1
DA:6,1
DA:7,1
DA:8,1
DA:9,8
DA:10,8
DA:11,8
DA:12,8
DA:13,8
DA:14,8
DA:15,8
DA:16,8
DA:17,8
DA:18,8
DA:19,8
DA:20,8
DA:21,8
DA:22,8
DA:23,8
DA:24,8
DA:25,8
DA:26,0
DA:27,0
DA:28,8
DA:29,8
DA:30,7
DA:31,7
DA:32,7
DA:33,7
DA:34,7
DA:35,7
DA:36,8
DA:37,8
DA:38,8
DA:39,15
DA:40,13
DA:41,15
DA:42,2
DA:43,2
DA:44,2
DA:45,2
DA:46,8
DA:47,8
DA:48,8
DA:49,8
DA:50,7
DA:51,0
DA:52,7
DA:53,7
DA:54,7
DA:55,8
DA:56,8
DA:57,8
DA:58,8
DA:59,8
DA:60,8
DA:61,0
DA:62,8
DA:63,8
DA:64,8
DA:65,8
DA:66,8
DA:67,1
DA:68,1
DA:69,1
DA:70,1
DA:71,1
DA:72,1
DA:73,1
DA:74,4
DA:75,4
DA:76,4
DA:77,2
DA:78,2
DA:79,2
DA:80,2
DA:81,2
DA:82,2
LF:82
LH:78
BRDA:9,0,0,8
BRDA:60,1,0,0
BRDA:29,2,0,7
BRDA:30,3,0,0
BRDA:38,4,0,15
BRDA:39,5,0,13
BRDA:41,6,0,2
BRDA:49,7,0,7
BRDA:50,8,0,0
BRDA:74,9,0,4
BRDA:75,10,0,2
BRDA:75,11,0,2
BRDA:76,12,0,2
BRF:13
BRH:10
end_of_record
TN:
SF:src\utils\index.ts
FN:2,getType
FNF:1
FNH:1
FNDA:28,getType
DA:1,1
DA:2,28
DA:3,28
DA:4,28
LF:4
LH:4
BRDA:2,0,0,28
BRF:1
BRH:1
end_of_record
TN:
SF:src\zvm\zvm.ts
FN:9,createVM
FN:51,createApp
FN:65,proxyData
FN:78,initLiftcycle
FN:87,initDrirectives
FN:95,proxyMethod
FN:105,initComputed
FNF:7
FNH:0
FNDA:0,createVM
FNDA:0,createApp
FNDA:0,proxyData
FNDA:0,initLiftcycle
FNDA:0,initDrirectives
FNDA:0,proxyMethod
FNDA:0,initComputed
DA:1,1
DA:2,1
DA:3,1
DA:4,1
DA:5,1
DA:6,1
DA:7,1
DA:8,1
DA:9,0
DA:10,0
DA:11,0
DA:12,0
DA:13,0
DA:14,0
DA:15,0
DA:16,0
DA:17,0
DA:18,0
DA:19,0
DA:20,0
DA:21,0
DA:22,0
DA:23,0
DA:24,0
DA:25,0
DA:26,0
DA:27,0
DA:28,0
DA:29,0
DA:30,0
DA:31,0
DA:32,0
DA:33,0
DA:34,0
DA:35,0
DA:36,0
DA:37,0
DA:38,0
DA:39,0
DA:40,0
DA:41,0
DA:42,0
DA:43,0
DA:44,0
DA:45,0
DA:46,0
DA:47,0
DA:48,0
DA:49,0
DA:50,1
DA:51,0
DA:52,0
DA:53,0
DA:54,0
DA:55,0
DA:56,0
DA:57,0
DA:58,0
DA:59,0
DA:60,0
DA:61,0
DA:62,0
DA:63,0
DA:64,1
DA:65,0
DA:66,0
DA:67,0
DA:68,0
DA:69,0
DA:70,0
DA:71,0
DA:72,0
DA:73,0
DA:74,0
DA:75,0
DA:76,0
DA:77,1
DA:78,0
DA:79,0
DA:80,0
DA:81,0
DA:82,0
DA:83,0
DA:84,0
DA:85,0
DA:86,1
DA:87,0
DA:88,0
DA:89,0
DA:90,0
DA:91,0
DA:92,0
DA:93,0
DA:94,1
DA:95,0
DA:96,0
DA:97,0
DA:98,0
DA:99,0
DA:100,0
DA:101,0
DA:102,0
DA:103,0
DA:104,1
DA:105,0
DA:106,0
DA:107,0
DA:108,0
DA:109,0
DA:110,0
DA:111,0
DA:112,0
DA:113,0
DA:114,0
LF:114
LH:14
BRF:0
BRH:0
end_of_record
